[1117/110016.691:ERROR:process_reader_win.cc(123)] NtOpenThread: {Access Denied} A process has requested access to an object, but has not been granted those access rights. (0xc0000022)
[1117/110016.703:ERROR:exception_snapshot_win.cc(99)] thread ID 16880 not found in process
[1117/110016.707:ERROR:process_reader_win.cc(123)] NtOpenThread: {Access Denied} A process has requested access to an object, but has not been granted those access rights. (0xc0000022)
[1117/110016.707:ERROR:exception_snapshot_win.cc(99)] thread ID 15816 not found in process
[1117/110016.730:ERROR:process_reader_win.cc(123)] NtOpenThread: {Access Denied} A process has requested access to an object, but has not been granted those access rights. (0xc0000022)
[1117/110016.731:ERROR:exception_snapshot_win.cc(99)] thread ID 18280 not found in process
[1117/110016.707:ERROR:process_reader_win.cc(123)] NtOpenThread: {Access Denied} A process has requested access to an object, but has not been granted those access rights. (0xc0000022)
[1117/110016.731:ERROR:exception_snapshot_win.cc(99)] thread ID 7280 not found in process
[1117/110016.790:ERROR:process_reader_win.cc(123)] NtOpenThread: {Access Denied} A process has requested access to an object, but has not been granted those access rights. (0xc0000022)
[1117/110016.791:ERROR:exception_snapshot_win.cc(99)] thread ID 19168 not found in process
[1117/110016.791:ERROR:process_reader_win.cc(123)] NtOpenThread: {Access Denied} A process has requested access to an object, but has not been granted those access rights. (0xc0000022)
[1117/110016.792:ERROR:exception_snapshot_win.cc(99)] thread ID 1084 not found in process
[1117/110126.404:ERROR:process_reader_win.cc(123)] NtOpenThread: {Access Denied} A process has requested access to an object, but has not been granted those access rights. (0xc0000022)
[1117/110126.409:ERROR:exception_snapshot_win.cc(99)] thread ID 16744 not found in process
[1117/110126.414:ERROR:process_reader_win.cc(123)] NtOpenThread: {Access Denied} A process has requested access to an object, but has not been granted those access rights. (0xc0000022)
[1117/110126.415:ERROR:exception_snapshot_win.cc(99)] thread ID 12228 not found in process
[1117/110126.424:ERROR:process_reader_win.cc(123)] NtOpenThread: {Access Denied} A process has requested access to an object, but has not been granted those access rights. (0xc0000022)
[1117/110126.425:ERROR:exception_snapshot_win.cc(99)] thread ID 1872 not found in process
[1117/110126.430:ERROR:process_reader_win.cc(123)] NtOpenThread: {Access Denied} A process has requested access to an object, but has not been granted those access rights. (0xc0000022)
[1117/110126.430:ERROR:exception_snapshot_win.cc(99)] thread ID 13704 not found in process
[1117/110126.461:ERROR:process_reader_win.cc(123)] NtOpenThread: {Access Denied} A process has requested access to an object, but has not been granted those access rights. (0xc0000022)
[1117/110126.465:ERROR:exception_snapshot_win.cc(99)] thread ID 9472 not found in process
[1117/110126.493:ERROR:process_reader_win.cc(123)] NtOpenThread: {Access Denied} A process has requested access to an object, but has not been granted those access rights. (0xc0000022)
[1117/110126.493:ERROR:exception_snapshot_win.cc(99)] thread ID 18604 not found in process
[1117/110219.500:ERROR:process_reader_win.cc(123)] NtOpenThread: {Access Denied} A process has requested access to an object, but has not been granted those access rights. (0xc0000022)
[1117/110219.501:ERROR:exception_snapshot_win.cc(99)] thread ID 3948 not found in process
[1117/110219.519:ERROR:process_reader_win.cc(123)] NtOpenThread: {Access Denied} A process has requested access to an object, but has not been granted those access rights. (0xc0000022)
[1117/110219.521:ERROR:exception_snapshot_win.cc(99)] thread ID 10272 not found in process
[1117/110219.523:ERROR:process_reader_win.cc(123)] NtOpenThread: {Access Denied} A process has requested access to an object, but has not been granted those access rights. (0xc0000022)
[1117/110219.523:ERROR:exception_snapshot_win.cc(99)] thread ID 9760 not found in process
[1117/110219.528:ERROR:process_reader_win.cc(123)] NtOpenThread: {Access Denied} A process has requested access to an object, but has not been granted those access rights. (0xc0000022)
[1117/110219.528:ERROR:exception_snapshot_win.cc(99)] thread ID 15756 not found in process
[1117/110219.553:ERROR:process_reader_win.cc(123)] NtOpenThread: {Access Denied} A process has requested access to an object, but has not been granted those access rights. (0xc0000022)
[1117/110219.553:ERROR:exception_snapshot_win.cc(99)] thread ID 10896 not found in process
[1117/110219.581:ERROR:process_reader_win.cc(123)] NtOpenThread: {Access Denied} A process has requested access to an object, but has not been granted those access rights. (0xc0000022)
[1117/110219.582:ERROR:exception_snapshot_win.cc(99)] thread ID 15892 not found in process
[1117/110448.368:ERROR:process_reader_win.cc(123)] NtOpenThread: {Access Denied} A process has requested access to an object, but has not been granted those access rights. (0xc0000022)
[1117/110448.372:ERROR:exception_snapshot_win.cc(99)] thread ID 16172 not found in process
[1117/110448.375:ERROR:process_reader_win.cc(123)] NtOpenThread: {Access Denied} A process has requested access to an object, but has not been granted those access rights. (0xc0000022)
[1117/110448.376:ERROR:exception_snapshot_win.cc(99)] thread ID 19004 not found in process
[1117/110448.385:ERROR:process_reader_win.cc(123)] NtOpenThread: {Access Denied} A process has requested access to an object, but has not been granted those access rights. (0xc0000022)
[1117/110448.385:ERROR:process_reader_win.cc(123)] NtOpenThread: {Access Denied} A process has requested access to an object, but has not been granted those access rights. (0xc0000022)
[1117/110448.386:ERROR:exception_snapshot_win.cc(99)] thread ID 14496 not found in process
[1117/110448.386:ERROR:exception_snapshot_win.cc(99)] thread ID 1184 not found in process
[1117/110448.399:ERROR:process_reader_win.cc(123)] NtOpenThread: {Access Denied} A process has requested access to an object, but has not been granted those access rights. (0xc0000022)
[1117/110448.399:ERROR:exception_snapshot_win.cc(99)] thread ID 16500 not found in process
[1117/110448.433:ERROR:process_reader_win.cc(123)] NtOpenThread: {Access Denied} A process has requested access to an object, but has not been granted those access rights. (0xc0000022)
[1117/110448.433:ERROR:exception_snapshot_win.cc(99)] thread ID 9220 not found in process
[1117/110448.444:ERROR:process_reader_win.cc(123)] NtOpenThread: {Access Denied} A process has requested access to an object, but has not been granted those access rights. (0xc0000022)
[1117/110448.444:ERROR:exception_snapshot_win.cc(99)] thread ID 12576 not found in process
[1117/111000.243:ERROR:process_reader_win.cc(123)] NtOpenThread: {Access Denied} A process has requested access to an object, but has not been granted those access rights. (0xc0000022)
[1117/111000.242:ERROR:process_reader_win.cc(123)] NtOpenThread: {Access Denied} A process has requested access to an object, but has not been granted those access rights. (0xc0000022)
[1117/111000.251:ERROR:exception_snapshot_win.cc(99)] thread ID 3664 not found in process
[1117/111000.251:ERROR:exception_snapshot_win.cc(99)] thread ID 15544 not found in process
[1117/111000.256:ERROR:process_reader_win.cc(123)] NtOpenThread: {Access Denied} A process has requested access to an object, but has not been granted those access rights. (0xc0000022)
[1117/111000.256:ERROR:exception_snapshot_win.cc(99)] thread ID 14964 not found in process
[1117/111000.262:ERROR:process_reader_win.cc(123)] NtOpenThread: {Access Denied} A process has requested access to an object, but has not been granted those access rights. (0xc0000022)
[1117/111000.262:ERROR:exception_snapshot_win.cc(99)] thread ID 12456 not found in process
[1117/111000.299:ERROR:process_reader_win.cc(123)] NtOpenThread: {Access Denied} A process has requested access to an object, but has not been granted those access rights. (0xc0000022)
[1117/111000.299:ERROR:exception_snapshot_win.cc(99)] thread ID 6396 not found in process
[1117/111000.312:ERROR:process_reader_win.cc(123)] NtOpenThread: {Access Denied} A process has requested access to an object, but has not been granted those access rights. (0xc0000022)
[1117/111000.312:ERROR:exception_snapshot_win.cc(99)] thread ID 14660 not found in process
[1117/111047.543:ERROR:process_reader_win.cc(123)] NtOpenThread: {Access Denied} A process has requested access to an object, but has not been granted those access rights. (0xc0000022)
[1117/111047.548:ERROR:exception_snapshot_win.cc(99)] thread ID 7992 not found in process
[1117/111047.562:ERROR:process_reader_win.cc(123)] NtOpenThread: {Access Denied} A process has requested access to an object, but has not been granted those access rights. (0xc0000022)
[1117/111047.563:ERROR:exception_snapshot_win.cc(99)] thread ID 19340 not found in process
[1117/111047.569:ERROR:process_reader_win.cc(123)] NtOpenThread: {Access Denied} A process has requested access to an object, but has not been granted those access rights. (0xc0000022)
[1117/111047.570:ERROR:exception_snapshot_win.cc(99)] thread ID 14296 not found in process
[1117/111047.579:ERROR:process_reader_win.cc(123)] NtOpenThread: {Access Denied} A process has requested access to an object, but has not been granted those access rights. (0xc0000022)
[1117/111047.579:ERROR:exception_snapshot_win.cc(99)] thread ID 9284 not found in process
[1117/111047.600:ERROR:process_reader_win.cc(123)] NtOpenThread: {Access Denied} A process has requested access to an object, but has not been granted those access rights. (0xc0000022)
[1117/111047.600:ERROR:exception_snapshot_win.cc(99)] thread ID 1368 not found in process
[1117/111047.633:ERROR:process_reader_win.cc(123)] NtOpenThread: {Access Denied} A process has requested access to an object, but has not been granted those access rights. (0xc0000022)
[1117/111047.633:ERROR:exception_snapshot_win.cc(99)] thread ID 16044 not found in process
[1117/111047.636:ERROR:process_reader_win.cc(123)] NtOpenThread: {Access Denied} A process has requested access to an object, but has not been granted those access rights. (0xc0000022)
[1117/111047.637:ERROR:exception_snapshot_win.cc(99)] thread ID 4688 not found in process
[1117/111707.453:ERROR:process_reader_win.cc(151)] SuspendThread: Access is denied. (0x5)
[1117/111707.454:ERROR:process_reader_win.cc(123)] NtOpenThread: {Access Denied} A process has requested access to an object, but has not been granted those access rights. (0xc0000022)
[1117/111707.455:ERROR:exception_snapshot_win.cc(99)] thread ID 16796 not found in process
[1117/111707.473:ERROR:process_reader_win.cc(123)] NtOpenThread: {Access Denied} A process has requested access to an object, but has not been granted those access rights. (0xc0000022)
[1117/111707.474:ERROR:exception_snapshot_win.cc(99)] thread ID 13388 not found in process
[1117/111707.477:ERROR:process_reader_win.cc(123)] NtOpenThread: {Access Denied} A process has requested access to an object, but has not been granted those access rights. (0xc0000022)
[1117/111707.478:ERROR:exception_snapshot_win.cc(99)] thread ID 532 not found in process
[1117/111707.486:ERROR:process_reader_win.cc(123)] NtOpenThread: {Access Denied} A process has requested access to an object, but has not been granted those access rights. (0xc0000022)
[1117/111707.486:ERROR:exception_snapshot_win.cc(99)] thread ID 9512 not found in process
[1117/111707.488:ERROR:process_reader_win.cc(123)] NtOpenThread: {Access Denied} A process has requested access to an object, but has not been granted those access rights. (0xc0000022)
[1117/111707.488:ERROR:exception_snapshot_win.cc(99)] thread ID 9676 not found in process
[1117/111707.490:ERROR:process_reader_win.cc(123)] NtOpenThread: {Access Denied} A process has requested access to an object, but has not been granted those access rights. (0xc0000022)
[1117/111707.491:ERROR:exception_snapshot_win.cc(99)] thread ID 3820 not found in process
[1117/111707.505:ERROR:process_reader_win.cc(123)] NtOpenThread: {Access Denied} A process has requested access to an object, but has not been granted those access rights. (0xc0000022)
[1117/111707.506:ERROR:exception_snapshot_win.cc(99)] thread ID 16052 not found in process
[1117/111707.521:ERROR:process_reader_win.cc(123)] NtOpenThread: {Access Denied} A process has requested access to an object, but has not been granted those access rights. (0xc0000022)
[1117/111707.524:ERROR:exception_snapshot_win.cc(99)] thread ID 12924 not found in process
[1117/111824.163:ERROR:process_reader_win.cc(123)] NtOpenThread: {Access Denied} A process has requested access to an object, but has not been granted those access rights. (0xc0000022)
[1117/111824.164:ERROR:exception_snapshot_win.cc(99)] thread ID 17924 not found in process
[1117/111824.231:ERROR:process_reader_win.cc(123)] NtOpenThread: {Access Denied} A process has requested access to an object, but has not been granted those access rights. (0xc0000022)
[1117/111824.231:ERROR:exception_snapshot_win.cc(99)] thread ID 5144 not found in process
[1117/111824.289:ERROR:process_reader_win.cc(123)] NtOpenThread: {Access Denied} A process has requested access to an object, but has not been granted those access rights. (0xc0000022)
[1117/111824.289:ERROR:exception_snapshot_win.cc(99)] thread ID 13140 not found in process
[1117/112035.499:ERROR:process_reader_win.cc(123)] NtOpenThread: {Access Denied} A process has requested access to an object, but has not been granted those access rights. (0xc0000022)
[1117/112035.513:ERROR:exception_snapshot_win.cc(99)] thread ID 3108 not found in process
[1117/112035.521:ERROR:process_reader_win.cc(123)] NtOpenThread: {Access Denied} A process has requested access to an object, but has not been granted those access rights. (0xc0000022)
[1117/112035.522:ERROR:exception_snapshot_win.cc(99)] thread ID 19340 not found in process
[1117/112035.522:ERROR:process_reader_win.cc(123)] NtOpenThread: {Access Denied} A process has requested access to an object, but has not been granted those access rights. (0xc0000022)
[1117/112035.525:ERROR:exception_snapshot_win.cc(99)] thread ID 19240 not found in process
[1117/112035.534:ERROR:process_reader_win.cc(123)] NtOpenThread: {Access Denied} A process has requested access to an object, but has not been granted those access rights. (0xc0000022)
[1117/112035.535:ERROR:exception_snapshot_win.cc(99)] thread ID 15084 not found in process
[1117/112035.542:ERROR:process_reader_win.cc(123)] NtOpenThread: {Access Denied} A process has requested access to an object, but has not been granted those access rights. (0xc0000022)
[1117/112035.542:ERROR:exception_snapshot_win.cc(99)] thread ID 14272 not found in process
[1117/112035.607:ERROR:process_reader_win.cc(123)] NtOpenThread: {Access Denied} A process has requested access to an object, but has not been granted those access rights. (0xc0000022)
[1117/112035.608:ERROR:exception_snapshot_win.cc(99)] thread ID 16188 not found in process
[1117/112035.628:ERROR:process_reader_win.cc(123)] NtOpenThread: {Access Denied} A process has requested access to an object, but has not been granted those access rights. (0xc0000022)
[1117/112035.628:ERROR:exception_snapshot_win.cc(99)] thread ID 11452 not found in process
[1117/112123.789:ERROR:process_reader_win.cc(123)] NtOpenThread: {Access Denied} A process has requested access to an object, but has not been granted those access rights. (0xc0000022)
[1117/112123.793:ERROR:exception_snapshot_win.cc(99)] thread ID 4344 not found in process
[1117/112123.802:ERROR:process_reader_win.cc(123)] NtOpenThread: {Access Denied} A process has requested access to an object, but has not been granted those access rights. (0xc0000022)
[1117/112123.802:ERROR:exception_snapshot_win.cc(99)] thread ID 12852 not found in process
[1117/112123.819:ERROR:process_reader_win.cc(123)] NtOpenThread: {Access Denied} A process has requested access to an object, but has not been granted those access rights. (0xc0000022)
[1117/112123.819:ERROR:exception_snapshot_win.cc(99)] thread ID 2540 not found in process
[1117/112123.844:ERROR:process_reader_win.cc(123)] NtOpenThread: {Access Denied} A process has requested access to an object, but has not been granted those access rights. (0xc0000022)
[1117/112123.845:ERROR:exception_snapshot_win.cc(99)] thread ID 14804 not found in process
[1117/112123.847:ERROR:process_reader_win.cc(123)] NtOpenThread: {Access Denied} A process has requested access to an object, but has not been granted those access rights. (0xc0000022)
[1117/112123.847:ERROR:exception_snapshot_win.cc(99)] thread ID 17948 not found in process
[1117/112123.852:ERROR:process_reader_win.cc(123)] NtOpenThread: {Access Denied} A process has requested access to an object, but has not been granted those access rights. (0xc0000022)
[1117/112123.852:ERROR:exception_snapshot_win.cc(99)] thread ID 6404 not found in process
[1117/112123.870:ERROR:process_reader_win.cc(151)] SuspendThread: Access is denied. (0x5)
[1117/112123.870:ERROR:process_reader_win.cc(123)] NtOpenThread: {Access Denied} A process has requested access to an object, but has not been granted those access rights. (0xc0000022)
[1117/112123.870:ERROR:exception_snapshot_win.cc(99)] thread ID 14060 not found in process
[1117/112123.882:ERROR:process_reader_win.cc(123)] NtOpenThread: {Access Denied} A process has requested access to an object, but has not been granted those access rights. (0xc0000022)
[1117/112123.883:ERROR:exception_snapshot_win.cc(99)] thread ID 2524 not found in process
[1117/112446.273:ERROR:process_reader_win.cc(123)] NtOpenThread: {Access Denied} A process has requested access to an object, but has not been granted those access rights. (0xc0000022)
[1117/112446.273:ERROR:exception_snapshot_win.cc(99)] thread ID 17772 not found in process
[1117/112446.338:ERROR:process_reader_win.cc(123)] NtOpenThread: {Access Denied} A process has requested access to an object, but has not been granted those access rights. (0xc0000022)
[1117/112446.339:ERROR:exception_snapshot_win.cc(99)] thread ID 3164 not found in process
[1117/112446.425:ERROR:process_reader_win.cc(123)] NtOpenThread: {Access Denied} A process has requested access to an object, but has not been granted those access rights. (0xc0000022)
[1117/112446.425:ERROR:exception_snapshot_win.cc(99)] thread ID 2024 not found in process
[1117/112446.520:ERROR:process_reader_win.cc(123)] NtOpenThread: {Access Denied} A process has requested access to an object, but has not been granted those access rights. (0xc0000022)
[1117/112446.520:ERROR:exception_snapshot_win.cc(99)] thread ID 9504 not found in process
[1117/112938.859:ERROR:process_reader_win.cc(123)] NtOpenThread: {Access Denied} A process has requested access to an object, but has not been granted those access rights. (0xc0000022)
[1117/112938.862:ERROR:exception_snapshot_win.cc(99)] thread ID 12788 not found in process
[1117/112938.873:ERROR:process_reader_win.cc(123)] NtOpenThread: {Access Denied} A process has requested access to an object, but has not been granted those access rights. (0xc0000022)
[1117/112938.876:ERROR:exception_snapshot_win.cc(99)] thread ID 6876 not found in process
[1117/112938.889:ERROR:process_reader_win.cc(123)] NtOpenThread: {Access Denied} A process has requested access to an object, but has not been granted those access rights. (0xc0000022)
[1117/112938.890:ERROR:exception_snapshot_win.cc(99)] thread ID 14940 not found in process
[1117/112938.895:ERROR:process_reader_win.cc(123)] NtOpenThread: {Access Denied} A process has requested access to an object, but has not been granted those access rights. (0xc0000022)
[1117/112938.895:ERROR:exception_snapshot_win.cc(99)] thread ID 13832 not found in process
[1117/112938.900:ERROR:process_reader_win.cc(123)] NtOpenThread: {Access Denied} A process has requested access to an object, but has not been granted those access rights. (0xc0000022)
[1117/112938.901:ERROR:exception_snapshot_win.cc(99)] thread ID 16620 not found in process
[1117/112938.915:ERROR:process_reader_win.cc(151)] SuspendThread: Access is denied. (0x5)
[1117/112938.916:ERROR:process_reader_win.cc(151)] SuspendThread: Access is denied. (0x5)
[1117/112938.916:ERROR:process_reader_win.cc(151)] SuspendThread: Access is denied. (0x5)
[1117/112938.916:ERROR:process_reader_win.cc(151)] SuspendThread: Access is denied. (0x5)
[1117/112938.916:ERROR:process_reader_win.cc(151)] SuspendThread: Access is denied. (0x5)
[1117/112938.916:ERROR:process_reader_win.cc(123)] NtOpenThread: {Access Denied} A process has requested access to an object, but has not been granted those access rights. (0xc0000022)
[1117/112938.916:ERROR:exception_snapshot_win.cc(99)] thread ID 9964 not found in process
[1117/112938.949:ERROR:process_reader_win.cc(123)] NtOpenThread: {Access Denied} A process has requested access to an object, but has not been granted those access rights. (0xc0000022)
[1117/112938.949:ERROR:exception_snapshot_win.cc(99)] thread ID 14692 not found in process
[1117/112938.957:ERROR:process_reader_win.cc(123)] NtOpenThread: {Access Denied} A process has requested access to an object, but has not been granted those access rights. (0xc0000022)
[1117/112938.957:ERROR:exception_snapshot_win.cc(99)] thread ID 4044 not found in process
[1117/112938.966:ERROR:process_reader_win.cc(123)] NtOpenThread: {Access Denied} A process has requested access to an object, but has not been granted those access rights. (0xc0000022)
[1117/112938.966:ERROR:exception_snapshot_win.cc(99)] thread ID 12396 not found in process
[1117/113024.344:ERROR:process_reader_win.cc(123)] NtOpenThread: {Access Denied} A process has requested access to an object, but has not been granted those access rights. (0xc0000022)
[1117/113024.349:ERROR:exception_snapshot_win.cc(99)] thread ID 10496 not found in process
[1117/113024.425:ERROR:process_reader_win.cc(123)] NtOpenThread: {Access Denied} A process has requested access to an object, but has not been granted those access rights. (0xc0000022)
[1117/113024.425:ERROR:exception_snapshot_win.cc(99)] thread ID 14344 not found in process
[1117/113024.510:ERROR:process_reader_win.cc(123)] NtOpenThread: {Access Denied} A process has requested access to an object, but has not been granted those access rights. (0xc0000022)
[1117/113024.510:ERROR:exception_snapshot_win.cc(99)] thread ID 13888 not found in process
[1117/113024.596:ERROR:process_reader_win.cc(123)] NtOpenThread: {Access Denied} A process has requested access to an object, but has not been granted those access rights. (0xc0000022)
[1117/113024.596:ERROR:exception_snapshot_win.cc(99)] thread ID 14964 not found in process
[1117/113024.693:ERROR:process_reader_win.cc(123)] NtOpenThread: {Access Denied} A process has requested access to an object, but has not been granted those access rights. (0xc0000022)
[1117/113024.693:ERROR:exception_snapshot_win.cc(99)] thread ID 16576 not found in process
[1117/113024.808:ERROR:process_reader_win.cc(123)] NtOpenThread: {Access Denied} A process has requested access to an object, but has not been granted those access rights. (0xc0000022)
[1117/113024.809:ERROR:exception_snapshot_win.cc(99)] thread ID 7728 not found in process
[1117/113024.895:ERROR:process_reader_win.cc(123)] NtOpenThread: {Access Denied} A process has requested access to an object, but has not been granted those access rights. (0xc0000022)
[1117/113024.895:ERROR:exception_snapshot_win.cc(99)] thread ID 10220 not found in process
[1117/113024.956:ERROR:process_reader_win.cc(123)] NtOpenThread: {Access Denied} A process has requested access to an object, but has not been granted those access rights. (0xc0000022)
[1117/113024.956:ERROR:exception_snapshot_win.cc(99)] thread ID 7292 not found in process
[1117/113025.003:ERROR:process_reader_win.cc(123)] NtOpenThread: {Access Denied} A process has requested access to an object, but has not been granted those access rights. (0xc0000022)
[1117/113025.003:ERROR:exception_snapshot_win.cc(99)] thread ID 6396 not found in process
[1117/113025.058:ERROR:process_reader_win.cc(123)] NtOpenThread: {Access Denied} A process has requested access to an object, but has not been granted those access rights. (0xc0000022)
[1117/113025.058:ERROR:exception_snapshot_win.cc(99)] thread ID 6832 not found in process
[1117/113025.105:ERROR:process_reader_win.cc(123)] NtOpenThread: {Access Denied} A process has requested access to an object, but has not been granted those access rights. (0xc0000022)
[1117/113025.105:ERROR:exception_snapshot_win.cc(99)] thread ID 15840 not found in process
[1117/113025.160:ERROR:process_reader_win.cc(123)] NtOpenThread: {Access Denied} A process has requested access to an object, but has not been granted those access rights. (0xc0000022)
[1117/113025.160:ERROR:exception_snapshot_win.cc(99)] thread ID 4972 not found in process
[1117/113025.239:ERROR:process_reader_win.cc(123)] NtOpenThread: {Access Denied} A process has requested access to an object, but has not been granted those access rights. (0xc0000022)
[1117/113025.239:ERROR:exception_snapshot_win.cc(99)] thread ID 3564 not found in process
[1117/113025.403:ERROR:process_reader_win.cc(123)] NtOpenThread: {Access Denied} A process has requested access to an object, but has not been granted those access rights. (0xc0000022)
[1117/113025.404:ERROR:exception_snapshot_win.cc(99)] thread ID 8888 not found in process
[1117/113025.460:ERROR:process_reader_win.cc(123)] NtOpenThread: {Access Denied} A process has requested access to an object, but has not been granted those access rights. (0xc0000022)
[1117/113025.460:ERROR:exception_snapshot_win.cc(99)] thread ID 8924 not found in process
[1117/113025.590:ERROR:process_reader_win.cc(123)] NtOpenThread: {Access Denied} A process has requested access to an object, but has not been granted those access rights. (0xc0000022)
[1117/113025.591:ERROR:exception_snapshot_win.cc(99)] thread ID 18024 not found in process
[1117/113025.817:ERROR:process_reader_win.cc(123)] NtOpenThread: {Access Denied} A process has requested access to an object, but has not been granted those access rights. (0xc0000022)
[1117/113025.817:ERROR:exception_snapshot_win.cc(99)] thread ID 13556 not found in process
[1117/113609.074:ERROR:process_reader_win.cc(123)] NtOpenThread: {Access Denied} A process has requested access to an object, but has not been granted those access rights. (0xc0000022)
[1117/113609.074:ERROR:process_reader_win.cc(123)] NtOpenThread: {Access Denied} A process has requested access to an object, but has not been granted those access rights. (0xc0000022)
[1117/113609.079:ERROR:process_reader_win.cc(123)] NtOpenThread: {Access Denied} A process has requested access to an object, but has not been granted those access rights. (0xc0000022)
[1117/113609.080:ERROR:exception_snapshot_win.cc(99)] thread ID 14776 not found in process
[1117/113609.080:ERROR:exception_snapshot_win.cc(99)] thread ID 15868 not found in process
[1117/113609.080:ERROR:exception_snapshot_win.cc(99)] thread ID 11936 not found in process
[1117/113609.083:ERROR:process_reader_win.cc(123)] NtOpenThread: {Access Denied} A process has requested access to an object, but has not been granted those access rights. (0xc0000022)
[1117/113609.084:ERROR:exception_snapshot_win.cc(99)] thread ID 13208 not found in process
[1117/113609.109:ERROR:process_reader_win.cc(123)] NtOpenThread: {Access Denied} A process has requested access to an object, but has not been granted those access rights. (0xc0000022)
[1117/113609.109:ERROR:exception_snapshot_win.cc(99)] thread ID 2288 not found in process
[1117/113609.151:ERROR:process_reader_win.cc(123)] NtOpenThread: {Access Denied} A process has requested access to an object, but has not been granted those access rights. (0xc0000022)
[1117/113609.151:ERROR:exception_snapshot_win.cc(99)] thread ID 18280 not found in process
[1117/113609.175:ERROR:process_reader_win.cc(123)] NtOpenThread: {Access Denied} A process has requested access to an object, but has not been granted those access rights. (0xc0000022)
[1117/113609.175:ERROR:exception_snapshot_win.cc(99)] thread ID 9748 not found in process
[1117/115448.860:ERROR:process_reader_win.cc(123)] NtOpenThread: {Access Denied} A process has requested access to an object, but has not been granted those access rights. (0xc0000022)
[1117/115448.868:ERROR:exception_snapshot_win.cc(99)] thread ID 11916 not found in process
[1117/115448.958:ERROR:process_reader_win.cc(123)] NtOpenThread: {Access Denied} A process has requested access to an object, but has not been granted those access rights. (0xc0000022)
[1117/115448.958:ERROR:exception_snapshot_win.cc(99)] thread ID 152 not found in process
[1117/115449.089:ERROR:process_reader_win.cc(123)] NtOpenThread: {Access Denied} A process has requested access to an object, but has not been granted those access rights. (0xc0000022)
[1117/115449.089:ERROR:exception_snapshot_win.cc(99)] thread ID 15296 not found in process
[1117/120535.032:ERROR:process_reader_win.cc(123)] NtOpenThread: {Access Denied} A process has requested access to an object, but has not been granted those access rights. (0xc0000022)
[1117/120535.035:ERROR:exception_snapshot_win.cc(99)] thread ID 11536 not found in process
[1117/120535.128:ERROR:process_reader_win.cc(123)] NtOpenThread: {Access Denied} A process has requested access to an object, but has not been granted those access rights. (0xc0000022)
[1117/120535.128:ERROR:exception_snapshot_win.cc(99)] thread ID 18964 not found in process
[1117/120535.274:ERROR:process_reader_win.cc(123)] NtOpenThread: {Access Denied} A process has requested access to an object, but has not been granted those access rights. (0xc0000022)
[1117/120535.274:ERROR:exception_snapshot_win.cc(99)] thread ID 17388 not found in process
[1117/131428.757:ERROR:process_reader_win.cc(151)] SuspendThread: Access is denied. (0x5)
[1117/131428.760:ERROR:process_reader_win.cc(151)] SuspendThread: Access is denied. (0x5)
[1117/131428.764:ERROR:process_reader_win.cc(151)] SuspendThread: Access is denied. (0x5)
[1117/131428.764:ERROR:process_reader_win.cc(151)] SuspendThread: Access is denied. (0x5)
[1117/131428.764:ERROR:process_reader_win.cc(151)] SuspendThread: Access is denied. (0x5)
[1117/131428.764:ERROR:process_reader_win.cc(151)] SuspendThread: Access is denied. (0x5)
[1117/131428.764:ERROR:process_reader_win.cc(151)] SuspendThread: Access is denied. (0x5)
[1117/131428.764:ERROR:process_reader_win.cc(151)] SuspendThread: Access is denied. (0x5)
[1117/131428.764:ERROR:process_reader_win.cc(151)] SuspendThread: Access is denied. (0x5)
[1117/131428.764:ERROR:process_reader_win.cc(151)] SuspendThread: Access is denied. (0x5)
[1117/131428.764:ERROR:process_reader_win.cc(151)] SuspendThread: Access is denied. (0x5)
[1117/131428.760:ERROR:process_reader_win.cc(123)] NtOpenThread: {Access Denied} A process has requested access to an object, but has not been granted those access rights. (0xc0000022)
[1117/131428.762:ERROR:process_reader_win.cc(123)] NtOpenThread: {Access Denied} A process has requested access to an object, but has not been granted those access rights. (0xc0000022)
[1117/131428.772:ERROR:exception_snapshot_win.cc(99)] thread ID 5308 not found in process
[1117/131428.771:ERROR:process_reader_win.cc(123)] NtOpenThread: {Access Denied} A process has requested access to an object, but has not been granted those access rights. (0xc0000022)
[1117/131428.772:ERROR:exception_snapshot_win.cc(99)] thread ID 5544 not found in process
[1117/131428.764:ERROR:process_reader_win.cc(123)] NtOpenThread: {Access Denied} A process has requested access to an object, but has not been granted those access rights. (0xc0000022)
[1117/131428.773:ERROR:exception_snapshot_win.cc(99)] thread ID 13688 not found in process
[1117/131428.773:ERROR:exception_snapshot_win.cc(99)] thread ID 608 not found in process
[1117/131428.765:ERROR:process_reader_win.cc(123)] NtOpenThread: {Access Denied} A process has requested access to an object, but has not been granted those access rights. (0xc0000022)
[1117/131428.754:ERROR:process_reader_win.cc(123)] NtOpenThread: {Access Denied} A process has requested access to an object, but has not been granted those access rights. (0xc0000022)
[1117/131428.773:ERROR:exception_snapshot_win.cc(99)] thread ID 292 not found in process
[1117/131428.773:ERROR:exception_snapshot_win.cc(99)] thread ID 12752 not found in process
[1117/131428.784:ERROR:process_reader_win.cc(151)] SuspendThread: Access is denied. (0x5)
[1117/131428.784:ERROR:process_reader_win.cc(151)] SuspendThread: Access is denied. (0x5)
[1117/131428.784:ERROR:process_reader_win.cc(151)] SuspendThread: Access is denied. (0x5)
[1117/131428.784:ERROR:process_reader_win.cc(151)] SuspendThread: Access is denied. (0x5)
[1117/131428.784:ERROR:process_reader_win.cc(151)] SuspendThread: Access is denied. (0x5)
[1117/131428.784:ERROR:process_reader_win.cc(151)] SuspendThread: Access is denied. (0x5)
[1117/131428.784:ERROR:process_reader_win.cc(151)] SuspendThread: Access is denied. (0x5)
[1117/131428.784:ERROR:process_reader_win.cc(151)] SuspendThread: Access is denied. (0x5)
[1117/131428.784:ERROR:process_reader_win.cc(123)] NtOpenThread: {Access Denied} A process has requested access to an object, but has not been granted those access rights. (0xc0000022)
[1117/131428.785:ERROR:exception_snapshot_win.cc(99)] thread ID 9552 not found in process
[1117/131428.789:ERROR:process_reader_win.cc(151)] SuspendThread: Access is denied. (0x5)
[1117/131428.789:ERROR:process_reader_win.cc(151)] SuspendThread: Access is denied. (0x5)
[1117/131428.789:ERROR:process_reader_win.cc(151)] SuspendThread: Access is denied. (0x5)
[1117/131428.789:ERROR:process_reader_win.cc(151)] SuspendThread: Access is denied. (0x5)
[1117/131428.790:ERROR:process_reader_win.cc(151)] SuspendThread: Access is denied. (0x5)
[1117/131428.790:ERROR:process_reader_win.cc(151)] SuspendThread: Access is denied. (0x5)
[1117/131428.790:ERROR:process_reader_win.cc(151)] SuspendThread: Access is denied. (0x5)
[1117/131428.790:ERROR:process_reader_win.cc(123)] NtOpenThread: {Access Denied} A process has requested access to an object, but has not been granted those access rights. (0xc0000022)
[1117/131428.790:ERROR:exception_snapshot_win.cc(99)] thread ID 18384 not found in process
[1117/131428.797:ERROR:process_reader_win.cc(151)] SuspendThread: Access is denied. (0x5)
[1117/131428.797:ERROR:process_reader_win.cc(151)] SuspendThread: Access is denied. (0x5)
[1117/131428.797:ERROR:process_reader_win.cc(151)] SuspendThread: Access is denied. (0x5)
[1117/131428.798:ERROR:process_reader_win.cc(151)] SuspendThread: Access is denied. (0x5)
[1117/131428.798:ERROR:process_reader_win.cc(151)] SuspendThread: Access is denied. (0x5)
[1117/131428.798:ERROR:process_reader_win.cc(151)] SuspendThread: Access is denied. (0x5)
[1117/131428.798:ERROR:process_reader_win.cc(151)] SuspendThread: Access is denied. (0x5)
[1117/131428.798:ERROR:process_reader_win.cc(123)] NtOpenThread: {Access Denied} A process has requested access to an object, but has not been granted those access rights. (0xc0000022)
[1117/131428.798:ERROR:exception_snapshot_win.cc(99)] thread ID 18780 not found in process
[1117/131428.799:ERROR:process_reader_win.cc(151)] SuspendThread: Access is denied. (0x5)
[1117/131428.799:ERROR:process_reader_win.cc(151)] SuspendThread: Access is denied. (0x5)
[1117/131428.799:ERROR:process_reader_win.cc(151)] SuspendThread: Access is denied. (0x5)
[1117/131428.799:ERROR:process_reader_win.cc(151)] SuspendThread: Access is denied. (0x5)
[1117/131428.799:ERROR:process_reader_win.cc(151)] SuspendThread: Access is denied. (0x5)
[1117/131428.799:ERROR:process_reader_win.cc(151)] SuspendThread: Access is denied. (0x5)
[1117/131428.799:ERROR:process_reader_win.cc(151)] SuspendThread: Access is denied. (0x5)
[1117/131428.799:ERROR:process_reader_win.cc(123)] NtOpenThread: {Access Denied} A process has requested access to an object, but has not been granted those access rights. (0xc0000022)
[1117/131428.799:ERROR:exception_snapshot_win.cc(99)] thread ID 7632 not found in process
[1117/131428.808:ERROR:process_reader_win.cc(123)] NtOpenThread: {Access Denied} A process has requested access to an object, but has not been granted those access rights. (0xc0000022)
[1117/131428.808:ERROR:exception_snapshot_win.cc(99)] thread ID 17992 not found in process
[1117/131428.821:ERROR:process_reader_win.cc(151)] SuspendThread: Access is denied. (0x5)
[1117/131428.822:ERROR:process_reader_win.cc(123)] NtOpenThread: {Access Denied} A process has requested access to an object, but has not been granted those access rights. (0xc0000022)
[1117/131428.822:ERROR:exception_snapshot_win.cc(99)] thread ID 7272 not found in process
[1117/131428.824:ERROR:process_reader_win.cc(151)] SuspendThread: Access is denied. (0x5)
[1117/131428.824:ERROR:process_reader_win.cc(123)] NtOpenThread: {Access Denied} A process has requested access to an object, but has not been granted those access rights. (0xc0000022)
[1117/131428.825:ERROR:exception_snapshot_win.cc(99)] thread ID 8416 not found in process
[1117/131428.826:ERROR:process_reader_win.cc(151)] SuspendThread: Access is denied. (0x5)
[1117/131428.826:ERROR:process_reader_win.cc(151)] SuspendThread: Access is denied. (0x5)
[1117/131428.826:ERROR:process_reader_win.cc(151)] SuspendThread: Access is denied. (0x5)
[1117/131428.827:ERROR:process_reader_win.cc(123)] NtOpenThread: {Access Denied} A process has requested access to an object, but has not been granted those access rights. (0xc0000022)
[1117/131428.827:ERROR:exception_snapshot_win.cc(99)] thread ID 2564 not found in process
[1117/131428.847:ERROR:process_reader_win.cc(123)] NtOpenThread: {Access Denied} A process has requested access to an object, but has not been granted those access rights. (0xc0000022)
[1117/131428.847:ERROR:exception_snapshot_win.cc(99)] thread ID 18472 not found in process
[1117/131428.849:ERROR:process_reader_win.cc(123)] NtOpenThread: {Access Denied} A process has requested access to an object, but has not been granted those access rights. (0xc0000022)
[1117/131428.849:ERROR:exception_snapshot_win.cc(99)] thread ID 11564 not found in process
[1117/132435.798:ERROR:directory_reader_win.cc(43)] FindFirstFile: The system cannot find the path specified. (0x3)
[1117/205228.899:ERROR:process_reader_win.cc(151)] SuspendThread: Access is denied. (0x5)
[1117/205228.903:ERROR:process_reader_win.cc(123)] NtOpenThread: {Access Denied} A process has requested access to an object, but has not been granted those access rights. (0xc0000022)
[1117/205228.922:ERROR:exception_snapshot_win.cc(99)] thread ID 12764 not found in process
[1117/205228.923:ERROR:process_reader_win.cc(123)] NtOpenThread: {Access Denied} A process has requested access to an object, but has not been granted those access rights. (0xc0000022)
[1117/205228.923:ERROR:exception_snapshot_win.cc(99)] thread ID 17652 not found in process
[1117/205228.929:ERROR:process_reader_win.cc(151)] SuspendThread: Access is denied. (0x5)
[1117/205228.930:ERROR:process_reader_win.cc(151)] SuspendThread: Access is denied. (0x5)
[1117/205228.930:ERROR:process_reader_win.cc(123)] NtOpenThread: {Access Denied} A process has requested access to an object, but has not been granted those access rights. (0xc0000022)
[1117/205228.930:ERROR:exception_snapshot_win.cc(99)] thread ID 18384 not found in process
[1117/205228.932:ERROR:process_reader_win.cc(151)] SuspendThread: Access is denied. (0x5)
[1117/205228.932:ERROR:process_reader_win.cc(123)] NtOpenThread: {Access Denied} A process has requested access to an object, but has not been granted those access rights. (0xc0000022)
[1117/205228.933:ERROR:process_reader_win.cc(151)] SuspendThread: Access is denied. (0x5)
[1117/205228.933:ERROR:process_reader_win.cc(151)] SuspendThread: Access is denied. (0x5)
[1117/205228.933:ERROR:process_reader_win.cc(151)] SuspendThread: Access is denied. (0x5)
[1117/205228.933:ERROR:exception_snapshot_win.cc(99)] thread ID 13036 not found in process
[1117/205228.933:ERROR:process_reader_win.cc(151)] SuspendThread: Access is denied. (0x5)
[1117/205228.933:ERROR:process_reader_win.cc(151)] SuspendThread: Access is denied. (0x5)
[1117/205228.933:ERROR:process_reader_win.cc(151)] SuspendThread: Access is denied. (0x5)
[1117/205228.933:ERROR:process_reader_win.cc(151)] SuspendThread: Access is denied. (0x5)
[1117/205228.934:ERROR:process_reader_win.cc(151)] SuspendThread: Access is denied. (0x5)
[1117/205228.934:ERROR:process_reader_win.cc(151)] SuspendThread: Access is denied. (0x5)
[1117/205228.934:ERROR:process_reader_win.cc(123)] NtOpenThread: {Access Denied} A process has requested access to an object, but has not been granted those access rights. (0xc0000022)
[1117/205228.935:ERROR:exception_snapshot_win.cc(99)] thread ID 19024 not found in process
[1117/205228.940:ERROR:process_reader_win.cc(151)] SuspendThread: Access is denied. (0x5)
[1117/205228.940:ERROR:process_reader_win.cc(151)] SuspendThread: Access is denied. (0x5)
[1117/205228.940:ERROR:process_reader_win.cc(151)] SuspendThread: Access is denied. (0x5)
[1117/205228.941:ERROR:process_reader_win.cc(151)] SuspendThread: Access is denied. (0x5)
[1117/205228.941:ERROR:process_reader_win.cc(151)] SuspendThread: Access is denied. (0x5)
[1117/205228.941:ERROR:process_reader_win.cc(123)] NtOpenThread: {Access Denied} A process has requested access to an object, but has not been granted those access rights. (0xc0000022)
[1117/205228.941:ERROR:exception_snapshot_win.cc(99)] thread ID 8592 not found in process
[1117/205228.955:ERROR:process_reader_win.cc(151)] SuspendThread: Access is denied. (0x5)
[1117/205228.955:ERROR:process_reader_win.cc(151)] SuspendThread: Access is denied. (0x5)
[1117/205228.955:ERROR:process_reader_win.cc(151)] SuspendThread: Access is denied. (0x5)
[1117/205228.955:ERROR:process_reader_win.cc(151)] SuspendThread: Access is denied. (0x5)
[1117/205228.955:ERROR:process_reader_win.cc(123)] NtOpenThread: {Access Denied} A process has requested access to an object, but has not been granted those access rights. (0xc0000022)
[1117/205228.956:ERROR:exception_snapshot_win.cc(99)] thread ID 12540 not found in process
[1117/205228.966:ERROR:process_reader_win.cc(151)] SuspendThread: Access is denied. (0x5)
[1117/205228.966:ERROR:process_reader_win.cc(123)] NtOpenThread: {Access Denied} A process has requested access to an object, but has not been granted those access rights. (0xc0000022)
[1117/205228.966:ERROR:exception_snapshot_win.cc(99)] thread ID 13596 not found in process
[1117/205228.985:ERROR:process_reader_win.cc(151)] SuspendThread: Access is denied. (0x5)
[1117/205228.985:ERROR:process_reader_win.cc(151)] SuspendThread: Access is denied. (0x5)
[1117/205228.985:ERROR:process_reader_win.cc(151)] SuspendThread: Access is denied. (0x5)
[1117/205228.985:ERROR:process_reader_win.cc(151)] SuspendThread: Access is denied. (0x5)
[1117/205228.985:ERROR:process_reader_win.cc(151)] SuspendThread: Access is denied. (0x5)
[1117/205228.985:ERROR:process_reader_win.cc(151)] SuspendThread: Access is denied. (0x5)
[1117/205228.985:ERROR:process_reader_win.cc(151)] SuspendThread: Access is denied. (0x5)
[1117/205228.985:ERROR:process_reader_win.cc(151)] SuspendThread: Access is denied. (0x5)
[1117/205228.985:ERROR:process_reader_win.cc(151)] SuspendThread: Access is denied. (0x5)
[1117/205228.985:ERROR:process_reader_win.cc(123)] NtOpenThread: {Access Denied} A process has requested access to an object, but has not been granted those access rights. (0xc0000022)
[1117/205228.985:ERROR:exception_snapshot_win.cc(99)] thread ID 19884 not found in process
[1117/205228.985:ERROR:process_reader_win.cc(151)] SuspendThread: Access is denied. (0x5)
[1117/205228.985:ERROR:process_reader_win.cc(123)] NtOpenThread: {Access Denied} A process has requested access to an object, but has not been granted those access rights. (0xc0000022)
[1117/205228.985:ERROR:exception_snapshot_win.cc(99)] thread ID 11452 not found in process
[1117/205228.991:ERROR:process_reader_win.cc(123)] NtOpenThread: {Access Denied} A process has requested access to an object, but has not been granted those access rights. (0xc0000022)
[1117/205228.991:ERROR:exception_snapshot_win.cc(99)] thread ID 11064 not found in process
[1117/205452.210:ERROR:process_reader_win.cc(123)] NtOpenThread: {Access Denied} A process has requested access to an object, but has not been granted those access rights. (0xc0000022)
[1117/205452.212:ERROR:exception_snapshot_win.cc(99)] thread ID 3804 not found in process
[1117/205452.217:ERROR:process_reader_win.cc(151)] SuspendThread: Access is denied. (0x5)
[1117/205452.218:ERROR:process_reader_win.cc(123)] NtOpenThread: {Access Denied} A process has requested access to an object, but has not been granted those access rights. (0xc0000022)
[1117/205452.218:ERROR:exception_snapshot_win.cc(99)] thread ID 1604 not found in process
[1117/205452.228:ERROR:process_reader_win.cc(151)] SuspendThread: Access is denied. (0x5)
[1117/205452.229:ERROR:process_reader_win.cc(151)] SuspendThread: Access is denied. (0x5)
[1117/205452.229:ERROR:process_reader_win.cc(151)] SuspendThread: Access is denied. (0x5)
[1117/205452.229:ERROR:process_reader_win.cc(151)] SuspendThread: Access is denied. (0x5)
[1117/205452.229:ERROR:process_reader_win.cc(123)] NtOpenThread: {Access Denied} A process has requested access to an object, but has not been granted those access rights. (0xc0000022)
[1117/205452.230:ERROR:exception_snapshot_win.cc(99)] thread ID 8532 not found in process
[1117/205452.231:ERROR:process_reader_win.cc(151)] SuspendThread: Access is denied. (0x5)
[1117/205452.231:ERROR:process_reader_win.cc(151)] SuspendThread: Access is denied. (0x5)
[1117/205452.231:ERROR:process_reader_win.cc(151)] SuspendThread: Access is denied. (0x5)
[1117/205452.231:ERROR:process_reader_win.cc(151)] SuspendThread: Access is denied. (0x5)
[1117/205452.231:ERROR:process_reader_win.cc(151)] SuspendThread: Access is denied. (0x5)
[1117/205452.231:ERROR:process_reader_win.cc(151)] SuspendThread: Access is denied. (0x5)
[1117/205452.231:ERROR:process_reader_win.cc(123)] NtOpenThread: {Access Denied} A process has requested access to an object, but has not been granted those access rights. (0xc0000022)
[1117/205452.231:ERROR:exception_snapshot_win.cc(99)] thread ID 20848 not found in process
[1117/205452.231:ERROR:process_reader_win.cc(151)] SuspendThread: Access is denied. (0x5)
[1117/205452.232:ERROR:process_reader_win.cc(123)] NtOpenThread: {Access Denied} A process has requested access to an object, but has not been granted those access rights. (0xc0000022)
[1117/205452.232:ERROR:exception_snapshot_win.cc(99)] thread ID 3136 not found in process
[1117/205452.232:ERROR:process_reader_win.cc(123)] NtOpenThread: {Access Denied} A process has requested access to an object, but has not been granted those access rights. (0xc0000022)
[1117/205452.233:ERROR:exception_snapshot_win.cc(99)] thread ID 12928 not found in process
[1117/205452.249:ERROR:process_reader_win.cc(123)] NtOpenThread: {Access Denied} A process has requested access to an object, but has not been granted those access rights. (0xc0000022)
[1117/205452.250:ERROR:exception_snapshot_win.cc(99)] thread ID 3648 not found in process
[1117/205452.271:ERROR:process_reader_win.cc(151)] SuspendThread: Access is denied. (0x5)
[1117/205452.271:ERROR:process_reader_win.cc(151)] SuspendThread: Access is denied. (0x5)
[1117/205452.272:ERROR:process_reader_win.cc(151)] SuspendThread: Access is denied. (0x5)
[1117/205452.272:ERROR:process_reader_win.cc(151)] SuspendThread: Access is denied. (0x5)
[1117/205452.272:ERROR:process_reader_win.cc(151)] SuspendThread: Access is denied. (0x5)
[1117/205452.272:ERROR:process_reader_win.cc(151)] SuspendThread: Access is denied. (0x5)
[1117/205452.272:ERROR:process_reader_win.cc(151)] SuspendThread: Access is denied. (0x5)
[1117/205452.272:ERROR:process_reader_win.cc(151)] SuspendThread: Access is denied. (0x5)
[1117/205452.272:ERROR:process_reader_win.cc(123)] NtOpenThread: {Access Denied} A process has requested access to an object, but has not been granted those access rights. (0xc0000022)
[1117/205452.272:ERROR:exception_snapshot_win.cc(99)] thread ID 9864 not found in process
[1117/205452.282:ERROR:process_reader_win.cc(123)] NtOpenThread: {Access Denied} A process has requested access to an object, but has not been granted those access rights. (0xc0000022)
[1117/205452.282:ERROR:exception_snapshot_win.cc(99)] thread ID 14488 not found in process
[1117/205452.298:ERROR:process_reader_win.cc(123)] NtOpenThread: {Access Denied} A process has requested access to an object, but has not been granted those access rights. (0xc0000022)
[1117/205452.298:ERROR:exception_snapshot_win.cc(99)] thread ID 18512 not found in process
[1117/210309.975:ERROR:process_reader_win.cc(123)] NtOpenThread: {Access Denied} A process has requested access to an object, but has not been granted those access rights. (0xc0000022)
[1117/210309.979:ERROR:process_reader_win.cc(151)] SuspendThread: Access is denied. (0x5)
[1117/210309.980:ERROR:process_reader_win.cc(123)] NtOpenThread: {Access Denied} A process has requested access to an object, but has not been granted those access rights. (0xc0000022)
[1117/210309.986:ERROR:exception_snapshot_win.cc(99)] thread ID 18508 not found in process
[1117/210309.987:ERROR:exception_snapshot_win.cc(99)] thread ID 13264 not found in process
[1117/210309.987:ERROR:process_reader_win.cc(123)] NtOpenThread: {Access Denied} A process has requested access to an object, but has not been granted those access rights. (0xc0000022)
[1117/210309.987:ERROR:exception_snapshot_win.cc(99)] thread ID 12180 not found in process
[1117/210309.995:ERROR:process_reader_win.cc(123)] NtOpenThread: {Access Denied} A process has requested access to an object, but has not been granted those access rights. (0xc0000022)
[1117/210309.995:ERROR:process_reader_win.cc(123)] NtOpenThread: {Access Denied} A process has requested access to an object, but has not been granted those access rights. (0xc0000022)
[1117/210309.995:ERROR:exception_snapshot_win.cc(99)] thread ID 1084 not found in process
[1117/210309.995:ERROR:exception_snapshot_win.cc(99)] thread ID 21148 not found in process
[1117/210309.997:ERROR:process_reader_win.cc(123)] NtOpenThread: {Access Denied} A process has requested access to an object, but has not been granted those access rights. (0xc0000022)
[1117/210309.998:ERROR:exception_snapshot_win.cc(99)] thread ID 1180 not found in process
[1117/210310.043:ERROR:process_reader_win.cc(123)] NtOpenThread: {Access Denied} A process has requested access to an object, but has not been granted those access rights. (0xc0000022)
[1117/210310.043:ERROR:exception_snapshot_win.cc(99)] thread ID 2940 not found in process
[1117/210310.046:ERROR:process_reader_win.cc(123)] NtOpenThread: {Access Denied} A process has requested access to an object, but has not been granted those access rights. (0xc0000022)
[1117/210310.046:ERROR:exception_snapshot_win.cc(99)] thread ID 19844 not found in process
[1117/211402.267:ERROR:process_reader_win.cc(123)] NtOpenThread: {Access Denied} A process has requested access to an object, but has not been granted those access rights. (0xc0000022)
[1117/211402.269:ERROR:exception_snapshot_win.cc(99)] thread ID 16044 not found in process
[1117/211402.269:ERROR:process_reader_win.cc(123)] NtOpenThread: {Access Denied} A process has requested access to an object, but has not been granted those access rights. (0xc0000022)
[1117/211402.269:ERROR:exception_snapshot_win.cc(99)] thread ID 11368 not found in process
[1117/211402.283:ERROR:process_reader_win.cc(123)] NtOpenThread: {Access Denied} A process has requested access to an object, but has not been granted those access rights. (0xc0000022)
[1117/211402.283:ERROR:exception_snapshot_win.cc(99)] thread ID 19376 not found in process
[1117/211402.287:ERROR:process_reader_win.cc(123)] NtOpenThread: {Access Denied} A process has requested access to an object, but has not been granted those access rights. (0xc0000022)
[1117/211402.287:ERROR:exception_snapshot_win.cc(99)] thread ID 16940 not found in process
[1117/211402.291:ERROR:process_reader_win.cc(123)] NtOpenThread: {Access Denied} A process has requested access to an object, but has not been granted those access rights. (0xc0000022)
[1117/211402.291:ERROR:exception_snapshot_win.cc(99)] thread ID 18840 not found in process
[1117/211402.316:ERROR:process_reader_win.cc(123)] NtOpenThread: {Access Denied} A process has requested access to an object, but has not been granted those access rights. (0xc0000022)
[1117/211402.316:ERROR:exception_snapshot_win.cc(99)] thread ID 12688 not found in process
[1117/211402.329:ERROR:process_reader_win.cc(123)] NtOpenThread: {Access Denied} A process has requested access to an object, but has not been granted those access rights. (0xc0000022)
[1117/211402.329:ERROR:exception_snapshot_win.cc(99)] thread ID 14768 not found in process
[1117/211613.342:ERROR:process_reader_win.cc(123)] NtOpenThread: {Access Denied} A process has requested access to an object, but has not been granted those access rights. (0xc0000022)
[1117/211613.345:ERROR:exception_snapshot_win.cc(99)] thread ID 5788 not found in process
[1117/211613.347:ERROR:process_reader_win.cc(123)] NtOpenThread: {Access Denied} A process has requested access to an object, but has not been granted those access rights. (0xc0000022)
[1117/211613.347:ERROR:process_reader_win.cc(123)] NtOpenThread: {Access Denied} A process has requested access to an object, but has not been granted those access rights. (0xc0000022)
[1117/211613.348:ERROR:exception_snapshot_win.cc(99)] thread ID 21268 not found in process
[1117/211613.348:ERROR:exception_snapshot_win.cc(99)] thread ID 10324 not found in process
[1117/211613.355:ERROR:process_reader_win.cc(123)] NtOpenThread: {Access Denied} A process has requested access to an object, but has not been granted those access rights. (0xc0000022)
[1117/211613.355:ERROR:exception_snapshot_win.cc(99)] thread ID 15304 not found in process
[1117/211613.358:ERROR:process_reader_win.cc(123)] NtOpenThread: {Access Denied} A process has requested access to an object, but has not been granted those access rights. (0xc0000022)
[1117/211613.358:ERROR:exception_snapshot_win.cc(99)] thread ID 17248 not found in process
[1117/211613.372:ERROR:process_reader_win.cc(123)] NtOpenThread: {Access Denied} A process has requested access to an object, but has not been granted those access rights. (0xc0000022)
[1117/211613.372:ERROR:exception_snapshot_win.cc(99)] thread ID 6268 not found in process
[1117/211613.389:ERROR:process_reader_win.cc(123)] NtOpenThread: {Access Denied} A process has requested access to an object, but has not been granted those access rights. (0xc0000022)
[1117/211613.389:ERROR:exception_snapshot_win.cc(99)] thread ID 10576 not found in process
[1117/211630.691:ERROR:process_reader_win.cc(123)] NtOpenThread: {Access Denied} A process has requested access to an object, but has not been granted those access rights. (0xc0000022)
[1117/211630.691:ERROR:process_reader_win.cc(123)] NtOpenThread: {Access Denied} A process has requested access to an object, but has not been granted those access rights. (0xc0000022)
[1117/211630.693:ERROR:exception_snapshot_win.cc(99)] thread ID 19820 not found in process
[1117/211630.693:ERROR:exception_snapshot_win.cc(99)] thread ID 20316 not found in process
[1117/211630.696:ERROR:process_reader_win.cc(123)] NtOpenThread: {Access Denied} A process has requested access to an object, but has not been granted those access rights. (0xc0000022)
[1117/211630.697:ERROR:exception_snapshot_win.cc(99)] thread ID 21068 not found in process
[1117/211630.697:ERROR:process_reader_win.cc(123)] NtOpenThread: {Access Denied} A process has requested access to an object, but has not been granted those access rights. (0xc0000022)
[1117/211630.697:ERROR:exception_snapshot_win.cc(99)] thread ID 9904 not found in process
[1117/211630.743:ERROR:process_reader_win.cc(123)] NtOpenThread: {Access Denied} A process has requested access to an object, but has not been granted those access rights. (0xc0000022)
[1117/211630.743:ERROR:exception_snapshot_win.cc(99)] thread ID 13108 not found in process
[1117/211630.766:ERROR:process_reader_win.cc(123)] NtOpenThread: {Access Denied} A process has requested access to an object, but has not been granted those access rights. (0xc0000022)
[1117/211630.766:ERROR:exception_snapshot_win.cc(99)] thread ID 16244 not found in process
[1117/212328.269:ERROR:process_reader_win.cc(123)] NtOpenThread: {Access Denied} A process has requested access to an object, but has not been granted those access rights. (0xc0000022)
[1117/212328.269:ERROR:exception_snapshot_win.cc(99)] thread ID 19324 not found in process
[1117/212328.269:ERROR:process_reader_win.cc(123)] NtOpenThread: {Access Denied} A process has requested access to an object, but has not been granted those access rights. (0xc0000022)
[1117/212328.269:ERROR:process_reader_win.cc(123)] NtOpenThread: {Access Denied} A process has requested access to an object, but has not been granted those access rights. (0xc0000022)
[1117/212328.269:ERROR:exception_snapshot_win.cc(99)] thread ID 11496 not found in process
[1117/212328.269:ERROR:exception_snapshot_win.cc(99)] thread ID 16480 not found in process
[1117/212328.278:ERROR:process_reader_win.cc(123)] NtOpenThread: {Access Denied} A process has requested access to an object, but has not been granted those access rights. (0xc0000022)
[1117/212328.278:ERROR:exception_snapshot_win.cc(99)] thread ID 4356 not found in process
[1117/212328.280:ERROR:process_reader_win.cc(123)] NtOpenThread: {Access Denied} A process has requested access to an object, but has not been granted those access rights. (0xc0000022)
[1117/212328.280:ERROR:exception_snapshot_win.cc(99)] thread ID 17660 not found in process
[1117/212328.319:ERROR:process_reader_win.cc(123)] NtOpenThread: {Access Denied} A process has requested access to an object, but has not been granted those access rights. (0xc0000022)
[1117/212328.319:ERROR:exception_snapshot_win.cc(99)] thread ID 9744 not found in process
[1117/212328.328:ERROR:process_reader_win.cc(123)] NtOpenThread: {Access Denied} A process has requested access to an object, but has not been granted those access rights. (0xc0000022)
[1117/212328.328:ERROR:exception_snapshot_win.cc(99)] thread ID 14316 not found in process
[1117/212419.699:ERROR:process_reader_win.cc(151)] SuspendThread: Access is denied. (0x5)
[1117/212419.700:ERROR:process_reader_win.cc(123)] NtOpenThread: {Access Denied} A process has requested access to an object, but has not been granted those access rights. (0xc0000022)
[1117/212419.702:ERROR:exception_snapshot_win.cc(99)] thread ID 7076 not found in process
[1117/212419.703:ERROR:process_reader_win.cc(123)] NtOpenThread: {Access Denied} A process has requested access to an object, but has not been granted those access rights. (0xc0000022)
[1117/212419.703:ERROR:exception_snapshot_win.cc(99)] thread ID 14228 not found in process
[1117/212419.711:ERROR:process_reader_win.cc(123)] NtOpenThread: {Access Denied} A process has requested access to an object, but has not been granted those access rights. (0xc0000022)
[1117/212419.712:ERROR:exception_snapshot_win.cc(99)] thread ID 1420 not found in process
[1117/212419.728:ERROR:process_reader_win.cc(123)] NtOpenThread: {Access Denied} A process has requested access to an object, but has not been granted those access rights. (0xc0000022)
[1117/212419.728:ERROR:exception_snapshot_win.cc(99)] thread ID 20032 not found in process
[1117/212419.730:ERROR:process_reader_win.cc(123)] NtOpenThread: {Access Denied} A process has requested access to an object, but has not been granted those access rights. (0xc0000022)
[1117/212419.730:ERROR:exception_snapshot_win.cc(99)] thread ID 6152 not found in process
[1117/212419.734:ERROR:process_reader_win.cc(123)] NtOpenThread: {Access Denied} A process has requested access to an object, but has not been granted those access rights. (0xc0000022)
[1117/212419.734:ERROR:exception_snapshot_win.cc(99)] thread ID 4552 not found in process
[1117/212419.781:ERROR:process_reader_win.cc(151)] SuspendThread: Access is denied. (0x5)
[1117/212419.781:ERROR:process_reader_win.cc(123)] NtOpenThread: {Access Denied} A process has requested access to an object, but has not been granted those access rights. (0xc0000022)
[1117/212419.781:ERROR:exception_snapshot_win.cc(99)] thread ID 20536 not found in process
[1117/212419.807:ERROR:process_reader_win.cc(151)] SuspendThread: Access is denied. (0x5)
[1117/212419.807:ERROR:process_reader_win.cc(123)] NtOpenThread: {Access Denied} A process has requested access to an object, but has not been granted those access rights. (0xc0000022)
[1117/212419.807:ERROR:exception_snapshot_win.cc(99)] thread ID 9240 not found in process
[1117/212419.834:ERROR:process_reader_win.cc(151)] SuspendThread: Access is denied. (0x5)
[1117/212419.834:ERROR:process_reader_win.cc(151)] SuspendThread: Access is denied. (0x5)
[1117/212419.834:ERROR:process_reader_win.cc(151)] SuspendThread: Access is denied. (0x5)
[1117/212419.834:ERROR:process_reader_win.cc(151)] SuspendThread: Access is denied. (0x5)
[1117/212419.834:ERROR:process_reader_win.cc(151)] SuspendThread: Access is denied. (0x5)
[1117/212419.834:ERROR:process_reader_win.cc(151)] SuspendThread: Access is denied. (0x5)
[1117/212419.834:ERROR:process_reader_win.cc(151)] SuspendThread: Access is denied. (0x5)
[1117/212419.834:ERROR:process_reader_win.cc(151)] SuspendThread: Access is denied. (0x5)
[1117/212419.834:ERROR:process_reader_win.cc(123)] NtOpenThread: {Access Denied} A process has requested access to an object, but has not been granted those access rights. (0xc0000022)
[1117/212419.834:ERROR:exception_snapshot_win.cc(99)] thread ID 3332 not found in process
[1117/212419.841:ERROR:process_reader_win.cc(151)] SuspendThread: Access is denied. (0x5)
[1117/212419.841:ERROR:process_reader_win.cc(151)] SuspendThread: Access is denied. (0x5)
[1117/212419.841:ERROR:process_reader_win.cc(151)] SuspendThread: Access is denied. (0x5)
[1117/212419.841:ERROR:process_reader_win.cc(151)] SuspendThread: Access is denied. (0x5)
[1117/212419.841:ERROR:process_reader_win.cc(151)] SuspendThread: Access is denied. (0x5)
[1117/212419.841:ERROR:process_reader_win.cc(151)] SuspendThread: Access is denied. (0x5)
[1117/212419.841:ERROR:process_reader_win.cc(151)] SuspendThread: Access is denied. (0x5)
[1117/212419.842:ERROR:process_reader_win.cc(151)] SuspendThread: Access is denied. (0x5)
[1117/212419.842:ERROR:process_reader_win.cc(123)] NtOpenThread: {Access Denied} A process has requested access to an object, but has not been granted those access rights. (0xc0000022)
[1117/212419.842:ERROR:exception_snapshot_win.cc(99)] thread ID 9964 not found in process
[1117/212419.863:ERROR:process_reader_win.cc(151)] SuspendThread: Access is denied. (0x5)
[1117/212419.863:ERROR:process_reader_win.cc(151)] SuspendThread: Access is denied. (0x5)
[1117/212419.863:ERROR:process_reader_win.cc(151)] SuspendThread: Access is denied. (0x5)
[1117/212419.863:ERROR:process_reader_win.cc(151)] SuspendThread: Access is denied. (0x5)
[1117/212419.863:ERROR:process_reader_win.cc(151)] SuspendThread: Access is denied. (0x5)
[1117/212419.863:ERROR:process_reader_win.cc(151)] SuspendThread: Access is denied. (0x5)
[1117/212419.863:ERROR:process_reader_win.cc(151)] SuspendThread: Access is denied. (0x5)
[1117/212419.863:ERROR:process_reader_win.cc(151)] SuspendThread: Access is denied. (0x5)
[1117/212419.863:ERROR:process_reader_win.cc(151)] SuspendThread: Access is denied. (0x5)
[1117/212419.865:ERROR:process_reader_win.cc(151)] SuspendThread: Access is denied. (0x5)
[1117/212419.865:ERROR:process_reader_win.cc(151)] SuspendThread: Access is denied. (0x5)
[1117/212419.865:ERROR:process_reader_win.cc(151)] SuspendThread: Access is denied. (0x5)
[1117/212419.865:ERROR:process_reader_win.cc(151)] SuspendThread: Access is denied. (0x5)
[1117/212419.865:ERROR:process_reader_win.cc(151)] SuspendThread: Access is denied. (0x5)
[1117/212419.865:ERROR:process_reader_win.cc(151)] SuspendThread: Access is denied. (0x5)
[1117/212419.865:ERROR:process_reader_win.cc(151)] SuspendThread: Access is denied. (0x5)
[1117/212419.865:ERROR:process_reader_win.cc(151)] SuspendThread: Access is denied. (0x5)
[1117/212419.865:ERROR:process_reader_win.cc(151)] SuspendThread: Access is denied. (0x5)
[1117/212419.865:ERROR:process_reader_win.cc(151)] SuspendThread: Access is denied. (0x5)
[1117/212419.865:ERROR:process_reader_win.cc(151)] SuspendThread: Access is denied. (0x5)
[1117/212419.865:ERROR:process_reader_win.cc(151)] SuspendThread: Access is denied. (0x5)
[1117/212419.865:ERROR:process_reader_win.cc(151)] SuspendThread: Access is denied. (0x5)
[1117/212419.865:ERROR:process_reader_win.cc(151)] SuspendThread: Access is denied. (0x5)
[1117/212419.865:ERROR:process_reader_win.cc(151)] SuspendThread: Access is denied. (0x5)
[1117/212419.865:ERROR:process_reader_win.cc(123)] NtOpenThread: {Access Denied} A process has requested access to an object, but has not been granted those access rights. (0xc0000022)
[1117/212419.865:ERROR:process_reader_win.cc(151)] SuspendThread: Access is denied. (0x5)
[1117/212419.865:ERROR:process_reader_win.cc(151)] SuspendThread: Access is denied. (0x5)
[1117/212419.865:ERROR:exception_snapshot_win.cc(99)] thread ID 10536 not found in process
[1117/212419.865:ERROR:process_reader_win.cc(151)] SuspendThread: Access is denied. (0x5)
[1117/212419.865:ERROR:process_reader_win.cc(151)] SuspendThread: Access is denied. (0x5)
[1117/212419.865:ERROR:process_reader_win.cc(151)] SuspendThread: Access is denied. (0x5)
[1117/212419.865:ERROR:process_reader_win.cc(123)] NtOpenThread: {Access Denied} A process has requested access to an object, but has not been granted those access rights. (0xc0000022)
[1117/212419.865:ERROR:exception_snapshot_win.cc(99)] thread ID 4648 not found in process
[1117/212419.865:ERROR:process_reader_win.cc(151)] SuspendThread: Access is denied. (0x5)
[1117/212419.870:ERROR:process_reader_win.cc(151)] SuspendThread: Access is denied. (0x5)
[1117/212419.870:ERROR:process_reader_win.cc(151)] SuspendThread: Access is denied. (0x5)
[1117/212419.870:ERROR:process_reader_win.cc(151)] SuspendThread: Access is denied. (0x5)
[1117/212419.870:ERROR:process_reader_win.cc(123)] NtOpenThread: {Access Denied} A process has requested access to an object, but has not been granted those access rights. (0xc0000022)
[1117/212419.870:ERROR:exception_snapshot_win.cc(99)] thread ID 12068 not found in process
[1117/212419.871:ERROR:process_reader_win.cc(151)] SuspendThread: Access is denied. (0x5)
[1117/212419.871:ERROR:process_reader_win.cc(151)] SuspendThread: Access is denied. (0x5)
[1117/212419.871:ERROR:process_reader_win.cc(151)] SuspendThread: Access is denied. (0x5)
[1117/212419.871:ERROR:process_reader_win.cc(123)] NtOpenThread: {Access Denied} A process has requested access to an object, but has not been granted those access rights. (0xc0000022)
[1117/212419.871:ERROR:process_reader_win.cc(151)] SuspendThread: Access is denied. (0x5)
[1117/212419.871:ERROR:process_reader_win.cc(151)] SuspendThread: Access is denied. (0x5)
[1117/212419.871:ERROR:process_reader_win.cc(151)] SuspendThread: Access is denied. (0x5)
[1117/212419.871:ERROR:exception_snapshot_win.cc(99)] thread ID 12772 not found in process
[1117/212419.871:ERROR:process_reader_win.cc(151)] SuspendThread: Access is denied. (0x5)
[1117/212419.871:ERROR:process_reader_win.cc(151)] SuspendThread: Access is denied. (0x5)
[1117/212419.871:ERROR:process_reader_win.cc(151)] SuspendThread: Access is denied. (0x5)
[1117/212419.871:ERROR:process_reader_win.cc(151)] SuspendThread: Access is denied. (0x5)
[1117/212419.871:ERROR:process_reader_win.cc(151)] SuspendThread: Access is denied. (0x5)
[1117/212419.871:ERROR:process_reader_win.cc(151)] SuspendThread: Access is denied. (0x5)
[1117/212419.871:ERROR:process_reader_win.cc(123)] NtOpenThread: {Access Denied} A process has requested access to an object, but has not been granted those access rights. (0xc0000022)
[1117/212419.873:ERROR:exception_snapshot_win.cc(99)] thread ID 1432 not found in process
[1117/212556.703:ERROR:process_reader_win.cc(123)] NtOpenThread: {Access Denied} A process has requested access to an object, but has not been granted those access rights. (0xc0000022)
[1117/212556.708:ERROR:exception_snapshot_win.cc(99)] thread ID 9052 not found in process
[1117/212556.714:ERROR:process_reader_win.cc(123)] NtOpenThread: {Access Denied} A process has requested access to an object, but has not been granted those access rights. (0xc0000022)
[1117/212556.715:ERROR:exception_snapshot_win.cc(99)] thread ID 5444 not found in process
[1117/212556.722:ERROR:process_reader_win.cc(123)] NtOpenThread: {Access Denied} A process has requested access to an object, but has not been granted those access rights. (0xc0000022)
[1117/212556.722:ERROR:exception_snapshot_win.cc(99)] thread ID 9920 not found in process
[1117/212556.729:ERROR:process_reader_win.cc(123)] NtOpenThread: {Access Denied} A process has requested access to an object, but has not been granted those access rights. (0xc0000022)
[1117/212556.730:ERROR:exception_snapshot_win.cc(99)] thread ID 10032 not found in process
[1117/212556.734:ERROR:process_reader_win.cc(123)] NtOpenThread: {Access Denied} A process has requested access to an object, but has not been granted those access rights. (0xc0000022)
[1117/212556.735:ERROR:exception_snapshot_win.cc(99)] thread ID 7460 not found in process
[1117/212556.787:ERROR:process_reader_win.cc(123)] NtOpenThread: {Access Denied} A process has requested access to an object, but has not been granted those access rights. (0xc0000022)
[1117/212556.787:ERROR:exception_snapshot_win.cc(99)] thread ID 11888 not found in process
[1117/212556.797:ERROR:process_reader_win.cc(123)] NtOpenThread: {Access Denied} A process has requested access to an object, but has not been granted those access rights. (0xc0000022)
[1117/212556.797:ERROR:exception_snapshot_win.cc(99)] thread ID 12084 not found in process
[1117/212701.098:ERROR:process_reader_win.cc(151)] SuspendThread: Access is denied. (0x5)
[1117/212701.101:ERROR:process_reader_win.cc(123)] NtOpenThread: {Access Denied} A process has requested access to an object, but has not been granted those access rights. (0xc0000022)
[1117/212701.101:ERROR:exception_snapshot_win.cc(99)] thread ID 5692 not found in process
[1117/212701.102:ERROR:process_reader_win.cc(123)] NtOpenThread: {Access Denied} A process has requested access to an object, but has not been granted those access rights. (0xc0000022)
[1117/212701.103:ERROR:exception_snapshot_win.cc(99)] thread ID 12224 not found in process
[1117/212701.111:ERROR:process_reader_win.cc(123)] NtOpenThread: {Access Denied} A process has requested access to an object, but has not been granted those access rights. (0xc0000022)
[1117/212701.111:ERROR:exception_snapshot_win.cc(99)] thread ID 12740 not found in process
[1117/212701.118:ERROR:process_reader_win.cc(123)] NtOpenThread: {Access Denied} A process has requested access to an object, but has not been granted those access rights. (0xc0000022)
[1117/212701.118:ERROR:exception_snapshot_win.cc(99)] thread ID 13284 not found in process
[1117/212701.120:ERROR:process_reader_win.cc(123)] NtOpenThread: {Access Denied} A process has requested access to an object, but has not been granted those access rights. (0xc0000022)
[1117/212701.120:ERROR:exception_snapshot_win.cc(99)] thread ID 4952 not found in process
[1117/212701.132:ERROR:process_reader_win.cc(123)] NtOpenThread: {Access Denied} A process has requested access to an object, but has not been granted those access rights. (0xc0000022)
[1117/212701.132:ERROR:exception_snapshot_win.cc(99)] thread ID 12468 not found in process
[1117/212701.184:ERROR:process_reader_win.cc(151)] SuspendThread: Access is denied. (0x5)
[1117/212701.184:ERROR:process_reader_win.cc(151)] SuspendThread: Access is denied. (0x5)
[1117/212701.185:ERROR:process_reader_win.cc(123)] NtOpenThread: {Access Denied} A process has requested access to an object, but has not been granted those access rights. (0xc0000022)
[1117/212701.185:ERROR:exception_snapshot_win.cc(99)] thread ID 6832 not found in process
[1117/212701.192:ERROR:process_reader_win.cc(123)] NtOpenThread: {Access Denied} A process has requested access to an object, but has not been granted those access rights. (0xc0000022)
[1117/212701.192:ERROR:exception_snapshot_win.cc(99)] thread ID 20776 not found in process
[1117/212701.201:ERROR:process_reader_win.cc(123)] NtOpenThread: {Access Denied} A process has requested access to an object, but has not been granted those access rights. (0xc0000022)
[1117/212701.201:ERROR:exception_snapshot_win.cc(99)] thread ID 19812 not found in process
[1117/212736.306:ERROR:process_reader_win.cc(123)] NtOpenThread: {Access Denied} A process has requested access to an object, but has not been granted those access rights. (0xc0000022)
[1117/212736.306:ERROR:process_reader_win.cc(123)] NtOpenThread: {Access Denied} A process has requested access to an object, but has not been granted those access rights. (0xc0000022)
[1117/212736.311:ERROR:exception_snapshot_win.cc(99)] thread ID 17672 not found in process
[1117/212736.311:ERROR:exception_snapshot_win.cc(99)] thread ID 11016 not found in process
[1117/212736.314:ERROR:process_reader_win.cc(123)] NtOpenThread: {Access Denied} A process has requested access to an object, but has not been granted those access rights. (0xc0000022)
[1117/212736.314:ERROR:exception_snapshot_win.cc(99)] thread ID 15508 not found in process
[1117/212736.324:ERROR:process_reader_win.cc(123)] NtOpenThread: {Access Denied} A process has requested access to an object, but has not been granted those access rights. (0xc0000022)
[1117/212736.324:ERROR:exception_snapshot_win.cc(99)] thread ID 6804 not found in process
[1117/212736.340:ERROR:process_reader_win.cc(123)] NtOpenThread: {Access Denied} A process has requested access to an object, but has not been granted those access rights. (0xc0000022)
[1117/212736.340:ERROR:exception_snapshot_win.cc(99)] thread ID 11724 not found in process
[1117/212736.351:ERROR:process_reader_win.cc(123)] NtOpenThread: {Access Denied} A process has requested access to an object, but has not been granted those access rights. (0xc0000022)
[1117/212736.352:ERROR:exception_snapshot_win.cc(99)] thread ID 3980 not found in process
[1117/212831.515:ERROR:process_reader_win.cc(123)] NtOpenThread: {Access Denied} A process has requested access to an object, but has not been granted those access rights. (0xc0000022)
[1117/212831.515:ERROR:exception_snapshot_win.cc(99)] thread ID 14236 not found in process
[1117/212831.515:ERROR:process_reader_win.cc(123)] NtOpenThread: {Access Denied} A process has requested access to an object, but has not been granted those access rights. (0xc0000022)
[1117/212831.515:ERROR:exception_snapshot_win.cc(99)] thread ID 20584 not found in process
[1117/212831.525:ERROR:process_reader_win.cc(123)] NtOpenThread: {Access Denied} A process has requested access to an object, but has not been granted those access rights. (0xc0000022)
[1117/212831.525:ERROR:exception_snapshot_win.cc(99)] thread ID 6404 not found in process
[1117/212831.544:ERROR:process_reader_win.cc(123)] NtOpenThread: {Access Denied} A process has requested access to an object, but has not been granted those access rights. (0xc0000022)
[1117/212831.545:ERROR:exception_snapshot_win.cc(99)] thread ID 4856 not found in process
[1117/212831.577:ERROR:process_reader_win.cc(123)] NtOpenThread: {Access Denied} A process has requested access to an object, but has not been granted those access rights. (0xc0000022)
[1117/212831.578:ERROR:exception_snapshot_win.cc(99)] thread ID 9220 not found in process
[1117/212831.578:ERROR:process_reader_win.cc(123)] NtOpenThread: {Access Denied} A process has requested access to an object, but has not been granted those access rights. (0xc0000022)
[1117/212831.580:ERROR:exception_snapshot_win.cc(99)] thread ID 7892 not found in process
[1117/213156.827:ERROR:process_reader_win.cc(123)] NtOpenThread: {Access Denied} A process has requested access to an object, but has not been granted those access rights. (0xc0000022)
[1117/213156.833:ERROR:exception_snapshot_win.cc(99)] thread ID 5716 not found in process
[1117/213156.842:ERROR:process_reader_win.cc(123)] NtOpenThread: {Access Denied} A process has requested access to an object, but has not been granted those access rights. (0xc0000022)
[1117/213156.842:ERROR:exception_snapshot_win.cc(99)] thread ID 6768 not found in process
[1117/213156.861:ERROR:process_reader_win.cc(123)] NtOpenThread: {Access Denied} A process has requested access to an object, but has not been granted those access rights. (0xc0000022)
[1117/213156.861:ERROR:exception_snapshot_win.cc(99)] thread ID 15468 not found in process
[1117/213156.863:ERROR:process_reader_win.cc(123)] NtOpenThread: {Access Denied} A process has requested access to an object, but has not been granted those access rights. (0xc0000022)
[1117/213156.864:ERROR:exception_snapshot_win.cc(99)] thread ID 17248 not found in process
[1117/213156.868:ERROR:process_reader_win.cc(123)] NtOpenThread: {Access Denied} A process has requested access to an object, but has not been granted those access rights. (0xc0000022)
[1117/213156.868:ERROR:exception_snapshot_win.cc(99)] thread ID 12280 not found in process
[1117/213156.931:ERROR:process_reader_win.cc(123)] NtOpenThread: {Access Denied} A process has requested access to an object, but has not been granted those access rights. (0xc0000022)
[1117/213156.932:ERROR:exception_snapshot_win.cc(99)] thread ID 18328 not found in process
[1117/213156.942:ERROR:process_reader_win.cc(123)] NtOpenThread: {Access Denied} A process has requested access to an object, but has not been granted those access rights. (0xc0000022)
[1117/213156.942:ERROR:exception_snapshot_win.cc(99)] thread ID 13036 not found in process
[1117/213841.761:ERROR:process_reader_win.cc(123)] NtOpenThread: {Access Denied} A process has requested access to an object, but has not been granted those access rights. (0xc0000022)
[1117/213841.766:ERROR:exception_snapshot_win.cc(99)] thread ID 19180 not found in process
[1117/213841.774:ERROR:process_reader_win.cc(123)] NtOpenThread: {Access Denied} A process has requested access to an object, but has not been granted those access rights. (0xc0000022)
[1117/213841.775:ERROR:exception_snapshot_win.cc(99)] thread ID 17360 not found in process
[1117/213841.789:ERROR:process_reader_win.cc(123)] NtOpenThread: {Access Denied} A process has requested access to an object, but has not been granted those access rights. (0xc0000022)
[1117/213841.789:ERROR:exception_snapshot_win.cc(99)] thread ID 16136 not found in process
[1117/213841.792:ERROR:process_reader_win.cc(123)] NtOpenThread: {Access Denied} A process has requested access to an object, but has not been granted those access rights. (0xc0000022)
[1117/213841.792:ERROR:exception_snapshot_win.cc(99)] thread ID 14764 not found in process
[1117/213841.795:ERROR:process_reader_win.cc(123)] NtOpenThread: {Access Denied} A process has requested access to an object, but has not been granted those access rights. (0xc0000022)
[1117/213841.796:ERROR:exception_snapshot_win.cc(99)] thread ID 5412 not found in process
[1117/213841.881:ERROR:process_reader_win.cc(123)] NtOpenThread: {Access Denied} A process has requested access to an object, but has not been granted those access rights. (0xc0000022)
[1117/213841.882:ERROR:exception_snapshot_win.cc(99)] thread ID 11124 not found in process
[1117/213841.885:ERROR:process_reader_win.cc(123)] NtOpenThread: {Access Denied} A process has requested access to an object, but has not been granted those access rights. (0xc0000022)
[1117/213841.885:ERROR:exception_snapshot_win.cc(99)] thread ID 14608 not found in process
[1117/214534.667:ERROR:process_reader_win.cc(123)] NtOpenThread: {Access Denied} A process has requested access to an object, but has not been granted those access rights. (0xc0000022)
[1117/214534.667:ERROR:process_reader_win.cc(123)] NtOpenThread: {Access Denied} A process has requested access to an object, but has not been granted those access rights. (0xc0000022)
[1117/214534.671:ERROR:exception_snapshot_win.cc(99)] thread ID 19840 not found in process
[1117/214534.671:ERROR:exception_snapshot_win.cc(99)] thread ID 10852 not found in process
[1117/214534.677:ERROR:process_reader_win.cc(123)] NtOpenThread: {Access Denied} A process has requested access to an object, but has not been granted those access rights. (0xc0000022)
[1117/214534.677:ERROR:process_reader_win.cc(123)] NtOpenThread: {Access Denied} A process has requested access to an object, but has not been granted those access rights. (0xc0000022)
[1117/214534.677:ERROR:process_reader_win.cc(123)] NtOpenThread: {Access Denied} A process has requested access to an object, but has not been granted those access rights. (0xc0000022)
[1117/214534.677:ERROR:process_reader_win.cc(123)] NtOpenThread: {Access Denied} A process has requested access to an object, but has not been granted those access rights. (0xc0000022)
[1117/214534.678:ERROR:exception_snapshot_win.cc(99)] thread ID 6076 not found in process
[1117/214534.678:ERROR:exception_snapshot_win.cc(99)] thread ID 13512 not found in process
[1117/214534.678:ERROR:exception_snapshot_win.cc(99)] thread ID 8712 not found in process
[1117/214534.678:ERROR:exception_snapshot_win.cc(99)] thread ID 7044 not found in process
[1117/214534.740:ERROR:process_reader_win.cc(123)] NtOpenThread: {Access Denied} A process has requested access to an object, but has not been granted those access rights. (0xc0000022)
[1117/214534.740:ERROR:exception_snapshot_win.cc(99)] thread ID 16628 not found in process
[1117/214534.757:ERROR:process_reader_win.cc(123)] NtOpenThread: {Access Denied} A process has requested access to an object, but has not been granted those access rights. (0xc0000022)
[1117/214534.757:ERROR:exception_snapshot_win.cc(99)] thread ID 11888 not found in process
[1117/214703.831:ERROR:process_reader_win.cc(123)] NtOpenThread: {Access Denied} A process has requested access to an object, but has not been granted those access rights. (0xc0000022)
[1117/214703.831:ERROR:process_reader_win.cc(123)] NtOpenThread: {Access Denied} A process has requested access to an object, but has not been granted those access rights. (0xc0000022)
[1117/214703.834:ERROR:exception_snapshot_win.cc(99)] thread ID 7596 not found in process
[1117/214703.834:ERROR:exception_snapshot_win.cc(99)] thread ID 13604 not found in process
[1117/214703.831:ERROR:process_reader_win.cc(123)] NtOpenThread: {Access Denied} A process has requested access to an object, but has not been granted those access rights. (0xc0000022)
[1117/214703.835:ERROR:exception_snapshot_win.cc(99)] thread ID 15512 not found in process
[1117/214703.841:ERROR:process_reader_win.cc(123)] NtOpenThread: {Access Denied} A process has requested access to an object, but has not been granted those access rights. (0xc0000022)
[1117/214703.842:ERROR:exception_snapshot_win.cc(99)] thread ID 11564 not found in process
[1117/214703.848:ERROR:process_reader_win.cc(123)] NtOpenThread: {Access Denied} A process has requested access to an object, but has not been granted those access rights. (0xc0000022)
[1117/214703.848:ERROR:exception_snapshot_win.cc(99)] thread ID 5380 not found in process
[1117/214703.883:ERROR:process_reader_win.cc(123)] NtOpenThread: {Access Denied} A process has requested access to an object, but has not been granted those access rights. (0xc0000022)
[1117/214703.884:ERROR:exception_snapshot_win.cc(99)] thread ID 16912 not found in process
[1117/214703.896:ERROR:process_reader_win.cc(123)] NtOpenThread: {Access Denied} A process has requested access to an object, but has not been granted those access rights. (0xc0000022)
[1117/214703.897:ERROR:exception_snapshot_win.cc(99)] thread ID 20096 not found in process
[1117/215714.224:ERROR:directory_reader_win.cc(43)] FindFirstFile: The system cannot find the path specified. (0x3)
[1117/220944.999:ERROR:file_io_win.cc(171)] CreateFile C:\Users\Willy\AppData\Local\Temp\scoped_dir1760_27880\Crashpad\reports\db5d888a-7d10-4984-9cae-f516502b5b5b.dmp: The system cannot find the path specified. (0x3)
[1117/220945.000:ERROR:crash_report_exception_handler.cc(99)] PrepareNewCrashReport failed
